=======================================================
Date: 7/1/2023, Time: 9:56
Cache Name: Lightmap Cache
Total Mem: 7652224
Free Mem: 6983552
 --- Slots ---
Width:   8, Height   8, Mips:  1, Stage:  1, Ref: 1647, Used: 1024
Width:   4, Height   4, Mips:  1, Stage:  1, Ref: 1372, Used:  256
Width:  16, Height  16, Mips:  1, Stage:  1, Ref: 2206, Used: 1024
Width:   2, Height   2, Mips:  1, Stage:  1, Ref:  220, Used:  128
Width:  32, Height  32, Mips:  1, Stage:  1, Ref:    2, Used:    2
Total Ref: 5447, Total Used: 2434
=======================================================
Date: 7/1/2023, Time: 9:56
Cache Name: Main Texture Cache
Total Mem: 22956672
Free Mem: 22956672
 --- Slots ---
Width: 128, Height 128, Mips:  1, Stage:  0, Ref:   26, Used:   26
Width:  64, Height  64, Mips:  1, Stage:  0, Ref:   30, Used:   30
Width:  32, Height  32, Mips:  1, Stage:  0, Ref:   31, Used:   31
Width:  16, Height  16, Mips:  1, Stage:  0, Ref:   22, Used:   22
Width: 256, Height 256, Mips:  1, Stage:  0, Ref:   15, Used:   15
Width:  64, Height  64, Mips:  1, Stage:  0, Ref:   20, Used:   20
Width:   8, Height   8, Mips:  1, Stage:  0, Ref:    5, Used:    5
Width:  32, Height  32, Mips:  1, Stage:  0, Ref:    7, Used:    7
Width:   4, Height   4, Mips:  1, Stage:  0, Ref:    1, Used:    1
Total Ref:  157, Total Used:  157
=======================================================
Date: 7/1/2023, Time: 9:56
Cache Name: Lightmap Cache
Total Mem: 7652224
Free Mem: 6983552
 --- Slots ---
Width:   8, Height   8, Mips:  1, Stage:  1, Ref: 1647, Used: 1024
Width:   4, Height   4, Mips:  1, Stage:  1, Ref: 1372, Used:  256
Width:  16, Height  16, Mips:  1, Stage:  1, Ref: 2206, Used: 1024
Width:   2, Height   2, Mips:  1, Stage:  1, Ref:  220, Used:  128
Width:  32, Height  32, Mips:  1, Stage:  1, Ref:    2, Used:    2
Total Ref: 5447, Total Used: 2434
=======================================================
Date: 7/1/2023, Time: 9:56
Cache Name: Main Texture Cache
Total Mem: 22956672
Free Mem: 22956672
 --- Slots ---
Width: 128, Height 128, Mips:  1, Stage:  0, Ref:   56, Used:   56
Width:  64, Height  64, Mips:  1, Stage:  0, Ref:   71, Used:   71
Width:  32, Height  32, Mips:  1, Stage:  0, Ref:   74, Used:   32
Width:  16, Height  16, Mips:  1, Stage:  0, Ref:   54, Used:   32
Width: 256, Height 256, Mips:  1, Stage:  0, Ref:   26, Used:   26
Width:  64, Height  64, Mips:  1, Stage:  0, Ref:   20, Used:   20
Width:   8, Height   8, Mips:  1, Stage:  0, Ref:   18, Used:   18
Width:  32, Height  32, Mips:  1, Stage:  0, Ref:    8, Used:    8
Width:   4, Height   4, Mips:  1, Stage:  0, Ref:    3, Used:    3
Total Ref:  330, Total Used:  266
=======================================================
Date: 7/1/2023, Time: 9:56
Cache Name: Lightmap Cache
Total Mem: 7652224
Free Mem: 6983552
 --- Slots ---
Width:   8, Height   8, Mips:  1, Stage:  1, Ref: 1647, Used: 1024
Width:   4, Height   4, Mips:  1, Stage:  1, Ref: 1372, Used:  256
Width:  16, Height  16, Mips:  1, Stage:  1, Ref: 2206, Used: 1024
Width:   2, Height   2, Mips:  1, Stage:  1, Ref:  220, Used:  128
Width:  32, Height  32, Mips:  1, Stage:  1, Ref:    2, Used:    2
Total Ref: 5447, Total Used: 2434
=======================================================
Date: 7/1/2023, Time: 9:56
Cache Name: Main Texture Cache
Total Mem: 22956672
Free Mem: 22956672
 --- Slots ---
Width: 256, Height 256, Mips:  1, Stage:  0, Ref:   26, Used:   26
Width: 128, Height 128, Mips:  1, Stage:  0, Ref:   56, Used:   56
Width:  64, Height  64, Mips:  1, Stage:  0, Ref:   71, Used:   71
Width:  32, Height  32, Mips:  1, Stage:  0, Ref:   74, Used:   32
Width:  16, Height  16, Mips:  1, Stage:  0, Ref:   54, Used:   32
Width:  64, Height  64, Mips:  1, Stage:  0, Ref:   21, Used:   21
Width:   8, Height   8, Mips:  1, Stage:  0, Ref:   18, Used:   18
Width:  32, Height  32, Mips:  1, Stage:  0, Ref:    8, Used:    8
Width:   4, Height   4, Mips:  1, Stage:  0, Ref:    3, Used:    3
Total Ref:  331, Total Used:  267
