=================================================================
 D3DDrv v100.3
 Build Date: Nov 17 1999, Time: 00:22:43
=================================================================

Current Time:  9:56: 7
Current Date:  7- 1-2023

 ** D3D Driver Initializing **

--- D3DMain_CreateDDFromName ---
  Name: Primary Display Driver
   DDCAPS2_CANRENDERWINDOWED    : YES
   DDCAPS2_NO2DDURING3DSCENE    : NO
--- D3DMain_GetTextureMemory ---
  Ram free: 3694592
--- D3DMain_RememberOldMode ---
--- D3DMain_EnumDisplayModes ---
--- D3DMain_CreateD3D ---
--- D3DMain_EnumDevices ---
--- D3DMain_SetDisplayMode ---
  W: 800, H: 600, Bpp: 32, FullScreen: NO
--- D3DMain_PickDevice ---
--- D3DMain_CreateBuffers ---
--- D3DMain_CreateZBuffer ---
--- D3DMain_CreateDevice ---
   Vender ID = 877417040
   Device ID = 3485744
--- D3DMain_CreateViewPort ---
--- D3DMain_GetSurfaceFormats ---
--- D3DMain_SetRenderState --- 
--- D3DMain_GetTextureMemory ---
  Ram free: 30608896

 ** Initialization was successful **

THandle_CheckCache:  Resetting texture cache...
   NO 3dfx card detected, using larger number of handles...
THandle_CheckCache:  Resetting texture cache...
   NO 3dfx card detected, using larger number of handles...
THandle_CheckCache:  Resetting texture cache...
   NO 3dfx card detected, using larger number of handles...

--- D3DMain_ShutdownD3D ---
  Shutdown was successful...

